# JRE version: Java(TM) SE Runtime Environment (7.0_67-b01) (build 1.7.0_67-b01)
# Java VM: Java HotSpot(TM) 64-Bit Server VM (24.65-b04 mixed mode bsd-amd64 compressed oops)
Heap
 PSYoungGen      total 76800K, used 44931K [0x00000007aaa80000, 0x00000007b0000000, 0x0000000800000000)
  eden space 66048K, 51% used [0x00000007aaa80000,0x00000007acbe30a0,0x00000007aeb00000)
  from space 10752K, 99% used [0x00000007aeb00000,0x00000007af57dda0,0x00000007af580000)
  to   space 10752K, 0% used [0x00000007af580000,0x00000007af580000,0x00000007b0000000)
 ParOldGen       total 174592K, used 6187K [0x0000000700000000, 0x000000070aa80000, 0x00000007aaa80000)
  object space 174592K, 3% used [0x0000000700000000,0x000000070060afd0,0x000000070aa80000)
 PSPermGen       total 25600K, used 25408K [0x00000006fae00000, 0x00000006fc700000, 0x0000000700000000)
  object space 25600K, 99% used [0x00000006fae00000,0x00000006fc6d0040,0x00000006fc700000)
GC Heap History (10 events):
Event: 7.263 GC heap before
{Heap before GC invocations=2 (full 1):
 PSYoungGen      total 76800K, used 2364K [0x00000007aaa80000, 0x00000007b0000000, 0x0000000800000000)
  eden space 66048K, 0% used [0x00000007aaa80000,0x00000007aaa80000,0x00000007aeb00000)
  from space 10752K, 21% used [0x00000007aeb00000,0x00000007aed4f1f0,0x00000007af580000)
  to   space 10752K, 0% used [0x00000007af580000,0x00000007af580000,0x00000007b0000000)
 ParOldGen       total 174592K, used 8K [0x0000000700000000, 0x000000070aa80000, 0x00000007aaa80000)
  object space 174592K, 0% used [0x0000000700000000,0x0000000700002000,0x000000070aa80000)
 PSPermGen       total 21504K, used 6314K [0x00000006fae00000, 0x00000006fc300000, 0x0000000700000000)
  object space 21504K, 29% used [0x00000006fae00000,0x00000006fb42ab10,0x00000006fc300000)
Event: 7.282 GC heap after
Heap after GC invocations=2 (full 1):
 PSYoungGen      total 76800K, used 0K [0x00000007aaa80000, 0x00000007b0000000, 0x0000000800000000)
  eden space 66048K, 0% used [0x00000007aaa80000,0x00000007aaa80000,0x00000007aeb00000)
  from space 10752K, 0% used [0x00000007aeb00000,0x00000007aeb00000,0x00000007af580000)
  to   space 10752K, 0% used [0x00000007af580000,0x00000007af580000,0x00000007b0000000)
 ParOldGen       total 174592K, used 2127K [0x0000000700000000, 0x000000070aa80000, 0x00000007aaa80000)
  object space 174592K, 1% used [0x0000000700000000,0x0000000700213dc0,0x000000070aa80000)
 PSPermGen       total 21504K, used 6313K [0x00000006fae00000, 0x00000006fc300000, 0x0000000700000000)
  object space 21504K, 29% used [0x00000006fae00000,0x00000006fb42a528,0x00000006fc300000)
}
Event: 8.356 GC heap before
{Heap before GC invocations=3 (full 1):
 PSYoungGen      total 76800K, used 66048K [0x00000007aaa80000, 0x00000007b0000000, 0x0000000800000000)
  eden space 66048K, 100% used [0x00000007aaa80000,0x00000007aeb00000,0x00000007aeb00000)
  from space 10752K, 0% used [0x00000007aeb00000,0x00000007aeb00000,0x00000007af580000)
  to   space 10752K, 0% used [0x00000007af580000,0x00000007af580000,0x00000007b0000000)
 ParOldGen       total 174592K, used 2127K [0x0000000700000000, 0x000000070aa80000, 0x00000007aaa80000)
  object space 174592K, 1% used [0x0000000700000000,0x0000000700213dc0,0x000000070aa80000)
 PSPermGen       total 21504K, used 13176K [0x00000006fae00000, 0x00000006fc300000, 0x0000000700000000)
  object space 21504K, 61% used [0x00000006fae00000,0x00000006fbade278,0x00000006fc300000)
Event: 8.363 GC heap after
Heap after GC invocations=3 (full 1):
 PSYoungGen      total 76800K, used 5544K [0x00000007aaa80000, 0x00000007b0000000, 0x0000000800000000)
  eden space 66048K, 0% used [0x00000007aaa80000,0x00000007aaa80000,0x00000007aeb00000)
  from space 10752K, 51% used [0x00000007af580000,0x00000007afaea0f8,0x00000007b0000000)
  to   space 10752K, 0% used [0x00000007aeb00000,0x00000007aeb00000,0x00000007af580000)
 ParOldGen       total 174592K, used 2135K [0x0000000700000000, 0x000000070aa80000, 0x00000007aaa80000)
  object space 174592K, 1% used [0x0000000700000000,0x0000000700215dc0,0x000000070aa80000)
 PSPermGen       total 21504K, used 13176K [0x00000006fae00000, 0x00000006fc300000, 0x0000000700000000)
  object space 21504K, 61% used [0x00000006fae00000,0x00000006fbade278,0x00000006fc300000)
}
Event: 9.180 GC heap before
{Heap before GC invocations=4 (full 1):
 PSYoungGen      total 76800K, used 71592K [0x00000007aaa80000, 0x00000007b0000000, 0x0000000800000000)
  eden space 66048K, 100% used [0x00000007aaa80000,0x00000007aeb00000,0x00000007aeb00000)
  from space 10752K, 51% used [0x00000007af580000,0x00000007afaea0f8,0x00000007b0000000)
  to   space 10752K, 0% used [0x00000007aeb00000,0x00000007aeb00000,0x00000007af580000)
 ParOldGen       total 174592K, used 2135K [0x0000000700000000, 0x000000070aa80000, 0x00000007aaa80000)
  object space 174592K, 1% used [0x0000000700000000,0x0000000700215dc0,0x000000070aa80000)
 PSPermGen       total 21504K, used 19285K [0x00000006fae00000, 0x00000006fc300000, 0x0000000700000000)
  object space 21504K, 89% used [0x00000006fae00000,0x00000006fc0d5458,0x00000006fc300000)
Event: 9.186 GC heap after
Heap after GC invocations=4 (full 1):
 PSYoungGen      total 76800K, used 4307K [0x00000007aaa80000, 0x00000007b0000000, 0x0000000800000000)
  eden space 66048K, 0% used [0x00000007aaa80000,0x00000007aaa80000,0x00000007aeb00000)
  from space 10752K, 40% used [0x00000007aeb00000,0x00000007aef34ca8,0x00000007af580000)
  to   space 10752K, 0% used [0x00000007af580000,0x00000007af580000,0x00000007b0000000)
 ParOldGen       total 174592K, used 2207K [0x0000000700000000, 0x000000070aa80000, 0x00000007aaa80000)
  object space 174592K, 1% used [0x0000000700000000,0x0000000700227dd0,0x000000070aa80000)
 PSPermGen       total 21504K, used 19285K [0x00000006fae00000, 0x00000006fc300000, 0x0000000700000000)
  object space 21504K, 89% used [0x00000006fae00000,0x00000006fc0d5458,0x00000006fc300000)
}
Event: 9.845 GC heap before
{Heap before GC invocations=5 (full 1):
 PSYoungGen      total 76800K, used 70355K [0x00000007aaa80000, 0x00000007b0000000, 0x0000000800000000)
  eden space 66048K, 100% used [0x00000007aaa80000,0x00000007aeb00000,0x00000007aeb00000)
  from space 10752K, 40% used [0x00000007aeb00000,0x00000007aef34ca8,0x00000007af580000)
  to   space 10752K, 0% used [0x00000007af580000,0x00000007af580000,0x00000007b0000000)
 ParOldGen       total 174592K, used 2207K [0x0000000700000000, 0x000000070aa80000, 0x00000007aaa80000)
  object space 174592K, 1% used [0x0000000700000000,0x0000000700227dd0,0x000000070aa80000)
 PSPermGen       total 23040K, used 22702K [0x00000006fae00000, 0x00000006fc480000, 0x0000000700000000)
  object space 23040K, 98% used [0x00000006fae00000,0x00000006fc42ba78,0x00000006fc480000)
Event: 9.856 GC heap after
Heap after GC invocations=5 (full 1):
 PSYoungGen      total 76800K, used 10726K [0x00000007aaa80000, 0x00000007b0000000, 0x0000000800000000)
  eden space 66048K, 0% used [0x00000007aaa80000,0x00000007aaa80000,0x00000007aeb00000)
  from space 10752K, 99% used [0x00000007af580000,0x00000007afff9a48,0x00000007b0000000)
  to   space 10752K, 0% used [0x00000007aeb00000,0x00000007aeb00000,0x00000007af580000)
 ParOldGen       total 174592K, used 2507K [0x0000000700000000, 0x000000070aa80000, 0x00000007aaa80000)
  object space 174592K, 1% used [0x0000000700000000,0x0000000700272dd0,0x000000070aa80000)
 PSPermGen       total 23040K, used 22702K [0x00000006fae00000, 0x00000006fc480000, 0x0000000700000000)
  object space 23040K, 98% used [0x00000006fae00000,0x00000006fc42ba78,0x00000006fc480000)
}
Event: 305.983 GC heap before
{Heap before GC invocations=6 (full 1):
 PSYoungGen      total 76800K, used 76774K [0x00000007aaa80000, 0x00000007b0000000, 0x0000000800000000)
  eden space 66048K, 100% used [0x00000007aaa80000,0x00000007aeb00000,0x00000007aeb00000)
  from space 10752K, 99% used [0x00000007af580000,0x00000007afff9a48,0x00000007b0000000)
  to   space 10752K, 0% used [0x00000007aeb00000,0x00000007aeb00000,0x00000007af580000)
 ParOldGen       total 174592K, used 2507K [0x0000000700000000, 0x000000070aa80000, 0x00000007aaa80000)
  object space 174592K, 1% used [0x0000000700000000,0x0000000700272dd0,0x000000070aa80000)
 PSPermGen       total 25600K, used 25158K [0x00000006fae00000, 0x00000006fc700000, 0x0000000700000000)
  object space 25600K, 98% used [0x00000006fae00000,0x00000006fc691a28,0x00000006fc700000)
Event: 305.996 GC heap after
Heap after GC invocations=6 (full 1):
 PSYoungGen      total 76800K, used 10743K [0x00000007aaa80000, 0x00000007b0000000, 0x0000000800000000)
  eden space 66048K, 0% used [0x00000007aaa80000,0x00000007aaa80000,0x00000007aeb00000)
  from space 10752K, 99% used [0x00000007aeb00000,0x00000007af57dda0,0x00000007af580000)
  to   space 10752K, 0% used [0x00000007af580000,0x00000007af580000,0x00000007b0000000)
 ParOldGen       total 174592K, used 6187K [0x0000000700000000, 0x000000070aa80000, 0x00000007aaa80000)
  object space 174592K, 3% used [0x0000000700000000,0x000000070060afd0,0x000000070aa80000)
 PSPermGen       total 25600K, used 25158K [0x00000006fae00000, 0x00000006fc700000, 0x0000000700000000)
  object space 25600K, 98% used [0x00000006fae00000,0x00000006fc691a28,0x00000006fc700000)
}

